c:\users\farengar\documents\github\computaciongrafica\proyectofinal\proyectoferia\x64\debug\vc141.pdb
c:\users\farengar\documents\github\computaciongrafica\proyectofinal\proyectoferia\x64\debug\vc141.idb
c:\users\farengar\documents\github\computaciongrafica\proyectofinal\proyectoferia\x64\debug\timemanager.obj
c:\users\farengar\documents\github\computaciongrafica\proyectofinal\proyectoferia\x64\debug\texture.obj
c:\users\farengar\documents\github\computaciongrafica\proyectofinal\proyectoferia\x64\debug\sphere.obj
c:\users\farengar\documents\github\computaciongrafica\proyectofinal\proyectoferia\x64\debug\shader.obj
c:\users\farengar\documents\github\computaciongrafica\proyectofinal\proyectoferia\x64\debug\queuetransformation.obj
c:\users\farengar\documents\github\computaciongrafica\proyectofinal\proyectoferia\x64\debug\model.obj
c:\users\farengar\documents\github\computaciongrafica\proyectofinal\proyectoferia\x64\debug\mesh.obj
c:\users\farengar\documents\github\computaciongrafica\proyectofinal\proyectoferia\x64\debug\main.obj
c:\users\farengar\documents\github\computaciongrafica\proyectofinal\proyectoferia\x64\debug\firstpersoncamera.obj
c:\users\farengar\documents\github\computaciongrafica\proyectofinal\proyectoferia\x64\debug\cylinder.obj
c:\users\farengar\documents\github\computaciongrafica\proyectofinal\proyectoferia\x64\debug\box.obj
c:\users\farengar\documents\github\computaciongrafica\x64\debug\proyectoferia.pdb
c:\users\farengar\documents\github\computaciongrafica\proyectofinal\proyectoferia\x64\debug\proyectoferia.tlog\cl.command.1.tlog
c:\users\farengar\documents\github\computaciongrafica\proyectofinal\proyectoferia\x64\debug\proyectoferia.tlog\cl.read.1.tlog
c:\users\farengar\documents\github\computaciongrafica\proyectofinal\proyectoferia\x64\debug\proyectoferia.tlog\cl.write.1.tlog
c:\users\farengar\documents\github\computaciongrafica\proyectofinal\proyectoferia\x64\debug\proyectoferia.tlog\link-cvtres.read.1.tlog
c:\users\farengar\documents\github\computaciongrafica\proyectofinal\proyectoferia\x64\debug\proyectoferia.tlog\link-cvtres.write.1.tlog
c:\users\farengar\documents\github\computaciongrafica\proyectofinal\proyectoferia\x64\debug\proyectoferia.tlog\link-rc.read.1.tlog
c:\users\farengar\documents\github\computaciongrafica\proyectofinal\proyectoferia\x64\debug\proyectoferia.tlog\link-rc.write.1.tlog
c:\users\farengar\documents\github\computaciongrafica\proyectofinal\proyectoferia\x64\debug\proyectoferia.tlog\link.command.1.tlog
c:\users\farengar\documents\github\computaciongrafica\proyectofinal\proyectoferia\x64\debug\proyectoferia.tlog\link.read.1.tlog
c:\users\farengar\documents\github\computaciongrafica\proyectofinal\proyectoferia\x64\debug\proyectoferia.tlog\link.write.1.tlog
